<?xml version="1.0" encoding="UTF-8"?>
<!-- Generated by org.testng.reporters.JUnitXMLReporter -->
<testsuite ignored="2" hostname="LT-LZ-0230" failures="0" tests="1" name="Test" time="2.233" errors="0" timestamp="2025-09-23T11:51:02 IST">
  <testcase classname="testcases.Login" name="LoginTest" time="2.18"/>
  <testcase classname="org.ivy.common.BaseTest" name="@AfterSuite tearDown" time="0.0">
    <ignored/>
  </testcase> <!-- @AfterSuite tearDown -->
  <testcase classname="org.ivy.common.BaseTest" name="@BeforeSuite initSetup" time="0.0">
    <ignored/>
  </testcase> <!-- @BeforeSuite initSetup -->
</testsuite> <!-- Test -->
