<?xml version="1.0" encoding="UTF-8"?>
<testng-results ignored="0" total="1" passed="1" failed="0" skipped="0">
  <reporter-output>
  </reporter-output>
  <suite started-at="2025-09-23T12:32:36 IST" name="Default suite" finished-at="2025-09-23T12:32:38 IST" duration-ms="2517">
    <groups>
    </groups>
    <test started-at="2025-09-23T12:32:36 IST" name="Default test" finished-at="2025-09-23T12:32:38 IST" duration-ms="2517">
      <class name="testcases.Login">
        <test-method is-config="true" signature="initSetup()[pri:0, instance:testcases.Login@101952da]" started-at="2025-09-23T12:32:29 IST" name="initSetup" finished-at="2025-09-23T12:32:36 IST" duration-ms="6379" status="PASS">
          <reporter-output>
          </reporter-output>
        </test-method> <!-- initSetup -->
        <test-method signature="LoginTest()[pri:0, instance:testcases.Login@101952da]" started-at="2025-09-23T12:32:36 IST" name="LoginTest" description="Verify able to login" finished-at="2025-09-23T12:32:38 IST" duration-ms="2486" status="PASS">
          <reporter-output>
          </reporter-output>
        </test-method> <!-- LoginTest -->
        <test-method is-config="true" signature="tearDown()[pri:0, instance:testcases.Login@101952da]" started-at="2025-09-23T12:32:38 IST" name="tearDown" finished-at="2025-09-23T12:32:39 IST" duration-ms="489" status="PASS">
          <reporter-output>
          </reporter-output>
        </test-method> <!-- tearDown -->
      </class> <!-- testcases.Login -->
    </test> <!-- Default test -->
  </suite> <!-- Default suite -->
</testng-results>
