<?xml version="1.0" encoding="UTF-8"?>
<testng-results ignored="0" total="1" passed="1" failed="0" skipped="0">
  <reporter-output>
  </reporter-output>
  <suite started-at="2025-09-23T17:56:31 IST" name="Suite" finished-at="2025-09-23T17:56:34 IST" duration-ms="2672">
    <groups>
    </groups>
    <test started-at="2025-09-23T17:56:31 IST" name="LoginTest" finished-at="2025-09-23T17:56:34 IST" duration-ms="2672">
      <class name="testcases.Login">
        <test-method is-config="true" signature="initSetup()[pri:0, instance:testcases.Login@550ee7e5]" started-at="2025-09-23T17:56:27 IST" name="initSetup" finished-at="2025-09-23T17:56:31 IST" duration-ms="3877" status="PASS">
          <reporter-output>
          </reporter-output>
        </test-method> <!-- initSetup -->
        <test-method is-config="true" signature="initPages()[pri:0, instance:testcases.Login@550ee7e5]" started-at="2025-09-23T17:56:32 IST" name="initPages" finished-at="2025-09-23T17:56:32 IST" duration-ms="1" status="PASS">
          <reporter-output>
          </reporter-output>
        </test-method> <!-- initPages -->
        <test-method signature="LoginTest()[pri:0, instance:testcases.Login@550ee7e5]" started-at="2025-09-23T17:56:32 IST" name="LoginTest" description="Verify able to login with valid credentials" finished-at="2025-09-23T17:56:34 IST" duration-ms="2344" status="PASS">
          <reporter-output>
          </reporter-output>
        </test-method> <!-- LoginTest -->
        <test-method is-config="true" signature="tearDown()[pri:0, instance:testcases.Login@550ee7e5]" started-at="2025-09-23T17:56:34 IST" name="tearDown" finished-at="2025-09-23T17:56:34 IST" duration-ms="107" status="PASS">
          <reporter-output>
          </reporter-output>
        </test-method> <!-- tearDown -->
      </class> <!-- testcases.Login -->
    </test> <!-- LoginTest -->
  </suite> <!-- Suite -->
</testng-results>
